<?xml version="1.0" encoding="UTF-8"?>
<testng-results ignored="0" total="1" passed="1" failed="0" skipped="0">
  <reporter-output>
  </reporter-output>
  <suite started-at="2021-04-19T15:38:57 IST" name="Default suite" finished-at="2021-04-19T15:40:03 IST" duration-ms="66482">
    <groups>
    </groups>
    <test started-at="2021-04-19T15:38:57 IST" name="Default test" finished-at="2021-04-19T15:40:03 IST" duration-ms="66482">
      <class name="SymbionProductOrderingPageTest">
        <test-method is-config="true" signature="setUp()[pri:0, instance:SymbionProductOrderingPageTest@3427b02d]" started-at="2021-04-19T15:38:57 IST" name="setUp" finished-at="2021-04-19T15:39:38 IST" duration-ms="41129" status="PASS">
          <reporter-output>
          </reporter-output>
        </test-method> <!-- setUp -->
        <test-method signature="OrderingSelection()[pri:0, instance:SymbionProductOrderingPageTest@3427b02d]" started-at="2021-04-19T15:39:38 IST" name="OrderingSelection" finished-at="2021-04-19T15:40:03 IST" duration-ms="25167" status="PASS">
          <reporter-output>
          </reporter-output>
        </test-method> <!-- OrderingSelection -->
        <test-method is-config="true" signature="teardown()[pri:0, instance:SymbionProductOrderingPageTest@3427b02d]" started-at="2021-04-19T15:40:03 IST" name="teardown" finished-at="2021-04-19T15:40:03 IST" duration-ms="154" status="PASS">
          <reporter-output>
          </reporter-output>
        </test-method> <!-- teardown -->
      </class> <!-- SymbionProductOrderingPageTest -->
    </test> <!-- Default test -->
  </suite> <!-- Default suite -->
</testng-results>
